# JRE version: Java(TM) SE Runtime Environment (9.0+11) (build 9.0.4+11)
# Java VM: Java HotSpot(TM) 64-Bit Server VM (9.0.4+11, mixed mode, tiered, compressed oops, g1 gc, windows-amd64)
Heap:
 garbage-first heap   total 176128K, used 117557K [0x0000000700000000, 0x0000000700100560, 0x00000007c0000000)
  region size 1024K, 20 young (20480K), 2 survivors (2048K)
 Metaspace       used 88158K, capacity 90828K, committed 97920K, reserved 1132544K
  class space    used 12704K, capacity 13230K, committed 14720K, reserved 1048576K
GC Heap History (10 events):
Event: 9145.986 GC heap before
{Heap before GC invocations=628 (full 7):
 garbage-first heap   total 176128K, used 160145K [0x0000000700000000, 0x0000000700100560, 0x00000007c0000000)
  region size 1024K, 60 young (61440K), 1 survivors (1024K)
 Metaspace       used 88124K, capacity 90758K, committed 97920K, reserved 1132544K
  class space    used 12703K, capacity 13229K, committed 14720K, reserved 1048576K
}
Event: 9145.989 GC heap after
{Heap after GC invocations=629 (full 7):
 garbage-first heap   total 176128K, used 99753K [0x0000000700000000, 0x0000000700100560, 0x00000007c0000000)
  region size 1024K, 2 young (2048K), 2 survivors (2048K)
 Metaspace       used 88124K, capacity 90758K, committed 97920K, reserved 1132544K
  class space    used 12703K, capacity 13229K, committed 14720K, reserved 1048576K
}
Event: 9146.337 GC heap before
{Heap before GC invocations=629 (full 7):
 garbage-first heap   total 176128K, used 159145K [0x0000000700000000, 0x0000000700100560, 0x00000007c0000000)
  region size 1024K, 60 young (61440K), 2 survivors (2048K)
 Metaspace       used 88124K, capacity 90758K, committed 97920K, reserved 1132544K
  class space    used 12703K, capacity 13229K, committed 14720K, reserved 1048576K
}
Event: 9146.340 GC heap after
{Heap after GC invocations=630 (full 7):
 garbage-first heap   total 176128K, used 99737K [0x0000000700000000, 0x0000000700100560, 0x00000007c0000000)
  region size 1024K, 1 young (1024K), 1 survivors (1024K)
 Metaspace       used 88124K, capacity 90758K, committed 97920K, reserved 1132544K
  class space    used 12703K, capacity 13229K, committed 14720K, reserved 1048576K
}
Event: 9146.623 GC heap before
{Heap before GC invocations=631 (full 7):
 garbage-first heap   total 176128K, used 160153K [0x0000000700000000, 0x0000000700100560, 0x00000007c0000000)
  region size 1024K, 60 young (61440K), 1 survivors (1024K)
 Metaspace       used 88124K, capacity 90758K, committed 97920K, reserved 1132544K
  class space    used 12703K, capacity 13229K, committed 14720K, reserved 1048576K
}
Event: 9146.626 GC heap after
{Heap after GC invocations=632 (full 7):
 garbage-first heap   total 176128K, used 99797K [0x0000000700000000, 0x0000000700100560, 0x00000007c0000000)
  region size 1024K, 1 young (1024K), 1 survivors (1024K)
 Metaspace       used 88124K, capacity 90758K, committed 97920K, reserved 1132544K
  class space    used 12703K, capacity 13229K, committed 14720K, reserved 1048576K
}
Event: 9153.981 GC heap before
{Heap before GC invocations=632 (full 7):
 garbage-first heap   total 176128K, used 160213K [0x0000000700000000, 0x0000000700100560, 0x00000007c0000000)
  region size 1024K, 60 young (61440K), 1 survivors (1024K)
 Metaspace       used 88128K, capacity 90758K, committed 97920K, reserved 1132544K
  class space    used 12703K, capacity 13229K, committed 14720K, reserved 1048576K
}
Event: 9153.984 GC heap after
{Heap after GC invocations=633 (full 7):
 garbage-first heap   total 176128K, used 99810K [0x0000000700000000, 0x0000000700100560, 0x00000007c0000000)
  region size 1024K, 1 young (1024K), 1 survivors (1024K)
 Metaspace       used 88128K, capacity 90758K, committed 97920K, reserved 1132544K
  class space    used 12703K, capacity 13229K, committed 14720K, reserved 1048576K
}
Event: 9155.137 GC heap before
{Heap before GC invocations=634 (full 7):
 garbage-first heap   total 176128K, used 160226K [0x0000000700000000, 0x0000000700100560, 0x00000007c0000000)
  region size 1024K, 60 young (61440K), 1 survivors (1024K)
 Metaspace       used 88146K, capacity 90758K, committed 97920K, reserved 1132544K
  class space    used 12703K, capacity 13229K, committed 14720K, reserved 1048576K
}
Event: 9155.140 GC heap after
{Heap after GC invocations=635 (full 7):
 garbage-first heap   total 176128K, used 100149K [0x0000000700000000, 0x0000000700100560, 0x00000007c0000000)
  region size 1024K, 2 young (2048K), 2 survivors (2048K)
 Metaspace       used 88146K, capacity 90758K, committed 97920K, reserved 1132544K
  class space    used 12703K, capacity 13229K, committed 14720K, reserved 1048576K
}

